#
# There is insufficient memory for the Java Runtime Environment to continue.
# Native memory allocation (mmap) failed to map 134217728 bytes for G1 virtual space
# Possible reasons:
#   The system is out of physical RAM or swap space
#   The process is running with CompressedOops enabled, and the Java Heap may be blocking the growth of the native heap
# Possible solutions:
#   Reduce memory load on the system
#   Increase physical memory or swap space
#   Check if swap backing store is full
#   Decrease Java heap size (-Xmx/-Xms)
#   Decrease number of Java threads
#   Decrease Java thread stack sizes (-Xss)
#   Set larger code cache with -XX:ReservedCodeCacheSize=
#   JVM is running with Unscaled Compressed Oops mode in which the Java heap is
#     placed in the first 4GB address space. The Java Heap base address is the
#     maximum limit for the native heap growth. Please use -XX:HeapBaseMinAddress
#     to set the Java Heap base and to place the Java Heap above 4GB virtual address.
# This output file may be truncated or incomplete.
#
#  Out of Memory Error (os_windows.cpp:3530), pid=1468, tid=17252
#
# JRE version:  (18.0.1+10) (build )
# Java VM: OpenJDK 64-Bit Server VM (18.0.1+10-FR, mixed mode, emulated-client, sharing, tiered, compressed oops, compressed class ptrs, g1 gc, windows-amd64)
# No core dump will be written. Minidumps are not enabled by default on client versions of Windows
#

---------------  S U M M A R Y ------------

Command Line: -XX:TieredStopAtLevel=1 -Dspring.output.ansi.enabled=always -Dcom.sun.management.jmxremote -Dspring.jmx.enabled=true -Dspring.liveBeansView.mbeanDomain -Dspring.application.admin.enabled=true -Dmanagement.endpoints.jmx.exposure.include=* -javaagent:C:\Program Files\JetBrains\IntelliJ IDEA 2023.1.2\lib\idea_rt.jar=53123:C:\Program Files\JetBrains\IntelliJ IDEA 2023.1.2\bin -Dfile.encoding=UTF-8 -Dsun.stdout.encoding=UTF-8 -Dsun.stderr.encoding=UTF-8 com.example.Test.TestApplication

Host: Intel(R) Core(TM) i5-5300U CPU @ 2.30GHz, 2 cores, 7G,  Windows 10 , 64 bit Build 21996 (10.0.21996.1)
Time: Thu Dec  7 09:20:41 2023 E. Africa Standard Time elapsed time: 0.035886 seconds (0d 0h 0m 0s)

---------------  T H R E A D  ---------------

Current thread (0x00000262886f74f0):  JavaThread "Unknown thread" [_thread_in_vm, id=17252, stack(0x0000007e04b00000,0x0000007e04c00000)]

Stack: [0x0000007e04b00000,0x0000007e04c00000]
Native frames: (J=compiled Java code, j=interpreted, Vv=VM code, C=native code)
V  [jvm.dll+0x684e9a]
V  [jvm.dll+0x829fcd]
V  [jvm.dll+0x82b89e]
V  [jvm.dll+0x82bf43]
V  [jvm.dll+0x25ebfb]
V  [jvm.dll+0x681d3a]
V  [jvm.dll+0x6768ca]
V  [jvm.dll+0x323ee9]
V  [jvm.dll+0x32b576]
V  [jvm.dll+0x37d8fa]
V  [jvm.dll+0x37db3f]
V  [jvm.dll+0x2faffa]
V  [jvm.dll+0x2fc071]
V  [jvm.dll+0x7fa440]
V  [jvm.dll+0x38a861]
V  [jvm.dll+0x7d9da5]
V  [jvm.dll+0x4052c3]
V  [jvm.dll+0x406c81]
C  [jli.dll+0x519f]
C  [ucrtbase.dll+0x26c0c]
C  [KERNEL32.DLL+0x154e0]
C  [ntdll.dll+0x485b]


---------------  P R O C E S S  ---------------

Threads class SMR info:
_java_thread_list=0x00007ffdf5bd8610, length=0, elements={
}

Java Threads: ( => current thread )

Other Threads:
  0x0000026288759460 WorkerThread "GC Thread#0" [stack: 0x0000007e04c00000,0x0000007e04d00000] [id=17600]
  0x0000026288769ee0 ConcurrentGCThread "G1 Main Marker" [stack: 0x0000007e04d00000,0x0000007e04e00000] [id=13556]
  0x000002628876a7e0 WorkerThread "G1 Conc#0" [stack: 0x0000007e04e00000,0x0000007e04f00000] [id=7912]

[error occurred during error reporting (printing all threads), id 0xc0000005, EXCEPTION_ACCESS_VIOLATION (0xc0000005) at pc=0x00007ffdf53ac0b7]

VM state: not at safepoint (not fully initialized)

VM Mutex/Monitor currently owned by a thread:  ([mutex/lock_event])
[0x00000262886f3bf0] Heap_lock - owner thread: 0x00000262886f74f0

Heap address: 0x0000000081e00000, size: 2018 MB, Compressed Oops mode: 32-bit

CDS archive(s) mapped at: [0x0000000000000000-0x0000000000000000-0x0000000000000000), size 0, SharedBaseAddress: 0x0000000800000000, ArchiveRelocationMode: 0.
Narrow klass base: 0x0000000000000000, Narrow klass shift: 0, Narrow klass range: 0x0

GC Precious Log:
 CardTable entry size: 512
 Card Set container configuration: InlinePtr #cards 5 size 8 Array Of Cards #cards 12 size 40 Howl #buckets 4 coarsen threshold 1843 Howl Bitmap #cards 512 size 80 coarsen threshold 460 Card regions per heap region 1 cards per card region 2048

Heap:
 garbage-first heap   total 0K, used 0K [0x0000000081e00000, 0x0000000100000000)
  region size 1024K, 0 young (0K), 0 survivors (0K)

[error occurred during error reporting (printing heap information), id 0xc0000005, EXCEPTION_ACCESS_VIOLATION (0xc0000005) at pc=0x00007ffdf577ca09]

GC Heap History (0 events):
No events

Deoptimization events (0 events):
No events

Classes loaded (0 events):
No events

Classes unloaded (0 events):
No events

Classes redefined (0 events):
No events

Internal exceptions (0 events):
No events

VM Operations (0 events):
No events

Events (1 events):
Event: 0.023 Loaded shared library C:\Users\TITUS\.jdks\corretto-18.0.1\bin\java.dll


Dynamic libraries:
0x00007ff7e29c0000 - 0x00007ff7e29cd000 	C:\Users\TITUS\.jdks\corretto-18.0.1\bin\java.exe
0x00007ffe8b960000 - 0x00007ffe8bb67000 	C:\WINDOWS\SYSTEM32\ntdll.dll
0x00007ffe8aa30000 - 0x00007ffe8aaed000 	C:\WINDOWS\System32\KERNEL32.DLL
0x00007ffe892d0000 - 0x00007ffe89642000 	C:\WINDOWS\System32\KERNELBASE.dll
0x00007ffe89130000 - 0x00007ffe89241000 	C:\WINDOWS\System32\ucrtbase.dll
0x00007ffe7dfe0000 - 0x00007ffe7dff7000 	C:\Users\TITUS\.jdks\corretto-18.0.1\bin\jli.dll
0x00007ffe8a000000 - 0x00007ffe8a1ac000 	C:\WINDOWS\System32\USER32.dll
0x00007ffe88e80000 - 0x00007ffe88ea6000 	C:\WINDOWS\System32\win32u.dll
0x00007ffe8b7a0000 - 0x00007ffe8b7c9000 	C:\WINDOWS\System32\GDI32.dll
0x00007ffe88f50000 - 0x00007ffe89062000 	C:\WINDOWS\System32\gdi32full.dll
0x00007ffe88eb0000 - 0x00007ffe88f4d000 	C:\WINDOWS\System32\msvcp_win.dll
0x00007ffe7d970000 - 0x00007ffe7d985000 	C:\Users\TITUS\.jdks\corretto-18.0.1\bin\VCRUNTIME140.dll
0x00007ffe7a020000 - 0x00007ffe7a2c5000 	C:\WINDOWS\WinSxS\amd64_microsoft.windows.common-controls_6595b64144ccf1df_6.0.21996.1_none_7d6b053978bcd706\COMCTL32.dll
0x00007ffe89f50000 - 0x00007ffe89ff3000 	C:\WINDOWS\System32\msvcrt.dll
0x00007ffe89830000 - 0x00007ffe89861000 	C:\WINDOWS\System32\IMM32.DLL
0x00007ffe18ed0000 - 0x00007ffe18f6b000 	C:\Users\TITUS\.jdks\corretto-18.0.1\bin\msvcp140.dll
0x00007ffdf50a0000 - 0x00007ffdf5d10000 	C:\Users\TITUS\.jdks\corretto-18.0.1\bin\server\jvm.dll
0x00007ffe8a860000 - 0x00007ffe8a90c000 	C:\WINDOWS\System32\ADVAPI32.dll
0x00007ffe8b7d0000 - 0x00007ffe8b86d000 	C:\WINDOWS\System32\sechost.dll
0x00007ffe89870000 - 0x00007ffe89991000 	C:\WINDOWS\System32\RPCRT4.dll
0x00007ffe8aaf0000 - 0x00007ffe8aaf8000 	C:\WINDOWS\System32\PSAPI.DLL
0x00007ffe5f680000 - 0x00007ffe5f689000 	C:\WINDOWS\SYSTEM32\WSOCK32.dll
0x00007ffe89e30000 - 0x00007ffe89e9f000 	C:\WINDOWS\System32\WS2_32.dll
0x00007ffe7be90000 - 0x00007ffe7bec3000 	C:\WINDOWS\SYSTEM32\WINMM.dll
0x00007ffe7d6b0000 - 0x00007ffe7d6ba000 	C:\WINDOWS\SYSTEM32\VERSION.dll
0x00007ffe87fb0000 - 0x00007ffe87fc7000 	C:\WINDOWS\SYSTEM32\kernel.appcore.dll
0x00007ffe848c0000 - 0x00007ffe848ca000 	C:\Users\TITUS\.jdks\corretto-18.0.1\bin\jimage.dll
0x00007ffe79250000 - 0x00007ffe79471000 	C:\WINDOWS\SYSTEM32\DBGHELP.DLL
0x00007ffe7c130000 - 0x00007ffe7c161000 	C:\WINDOWS\SYSTEM32\dbgcore.DLL
0x00007ffe89250000 - 0x00007ffe892d0000 	C:\WINDOWS\System32\bcryptPrimitives.dll
0x00007ffe84840000 - 0x00007ffe8484e000 	C:\Users\TITUS\.jdks\corretto-18.0.1\bin\instrument.dll
0x00007ffe791b0000 - 0x00007ffe791d5000 	C:\Users\TITUS\.jdks\corretto-18.0.1\bin\java.dll

dbghelp: loaded successfully - version: 4.0.5 - missing functions: none
symbol engine: initialized successfully - sym options: 0x614 - pdb path: .;C:\Users\TITUS\.jdks\corretto-18.0.1\bin;C:\WINDOWS\SYSTEM32;C:\WINDOWS\WinSxS\amd64_microsoft.windows.common-controls_6595b64144ccf1df_6.0.21996.1_none_7d6b053978bcd706;C:\Users\TITUS\.jdks\corretto-18.0.1\bin\server

VM Arguments:
jvm_args: -XX:TieredStopAtLevel=1 -Dspring.output.ansi.enabled=always -Dcom.sun.management.jmxremote -Dspring.jmx.enabled=true -Dspring.liveBeansView.mbeanDomain -Dspring.application.admin.enabled=true -Dmanagement.endpoints.jmx.exposure.include=* -javaagent:C:\Program Files\JetBrains\IntelliJ IDEA 2023.1.2\lib\idea_rt.jar=53123:C:\Program Files\JetBrains\IntelliJ IDEA 2023.1.2\bin -Dfile.encoding=UTF-8 -Dsun.stdout.encoding=UTF-8 -Dsun.stderr.encoding=UTF-8 
java_command: com.example.Test.TestApplication
java_class_path (initial): C:\My serious projects\Test\build\classes\java\main;C:\My serious projects\Test\build\resources\main;C:\Users\TITUS\.gradle\caches\modules-2\files-2.1\org.springframework.boot\spring-boot-starter-thymeleaf\3.2.1-SNAPSHOT\1777fd9a1d60ff950043bb8e3e2c6f71f4c8d08\spring-boot-starter-thymeleaf-3.2.1-SNAPSHOT.jar;C:\Users\TITUS\.gradle\caches\modules-2\files-2.1\org.springframework.boot\spring-boot-starter-validation\3.2.1-SNAPSHOT\e3778cad23bcccdfbf610ed1ab346a5512056471\spring-boot-starter-validation-3.2.1-SNAPSHOT.jar;C:\Users\TITUS\.gradle\caches\modules-2\files-2.1\org.springframework.boot\spring-boot-starter-web\3.2.1-SNAPSHOT\f0dc39e2ebb15c7af553a2b8152e65bcd8809a9e\spring-boot-starter-web-3.2.1-SNAPSHOT.jar;C:\Users\TITUS\.gradle\caches\modules-2\files-2.1\org.springframework.boot\spring-boot-starter-data-jpa\3.2.1-SNAPSHOT\4cb98d78be6e6183b1f881206db5f221741548e5\spring-boot-starter-data-jpa-3.2.1-SNAPSHOT.jar;C:\Users\TITUS\.gradle\caches\modules-2\files-2.1\org.springframework.boot\spring-boot-starter\3.2.1-SNAPSHOT\e5b6d2a46c25dc6c5b0fe493c0d1b00ccdf3718\spring-boot-starter-3.2.1-SNAPSHOT.jar;C:\Users\TITUS\.gradle\caches\modules-2\files-2.1\org.thymeleaf\thymeleaf-spring6\3.1.2.RELEASE\6030c7b4e260c41336f378e53da6e8531263f24b\thymeleaf-spring6-3.1.2.RELEASE.jar;C:\Users\TITUS\.gradle\caches\modules-2\files-2.1\org.apache.tomcat.embed\tomcat-embed-el\10.1.16\f057e54bfffe99df7f0d04cd4e688e55bf8a0da5\tomcat-embed-el-10.1.16.jar;C:\Users\TITUS\.gradle\caches\modules-2\files-2.1\org.hibernate.validator\hibernate-validator\8.0.1.Final\e49e116b3d3928060599b176b3538bb848718e95\hibernate-validator-8.0.1.Final.jar;C:\Users\TITUS\.gradle\caches\modules-2\files-2.1\org.springframework.boot\spring-boot-starter-json\3.2.1-SNAPSHOT\ccd2d1cb50dae1709128e1da771e831cc64e4481\spring-boot-starter-json-3.2.1-SNAPSHOT.jar;C:\Users\TITUS\.gradle\caches\modules-2\files-2.1\org.springframework.boot\spring-boot-starter-tomcat\3.2.1-SNAPSHOT\a5d37d001f097a98fcb57a1e1ee5f1edc271436b\spring-boot-starter-tomcat-3.2.1-SNAPSHOT.jar;C:\Users\TITUS\.gradle\caches\modules-2\files-2.1\org.springframework\spring-webmvc\6.1.2-SNAPSHOT\a7270de133e130d11523abd5aa30f2b451f8c430\spring-webmvc-6.1.2-SNAPSHOT.jar;C:\Users\TITUS\.gradle\caches\modules-2\files-2.1\org.springframework\spring-web\6.1.2-SNAPSHOT\ed1e09cf78a33b8c88cb4d102599f7a8c16a0e11\spring-web-6.1.2-SNAPSHOT.jar;C:\Users\TITUS\.gradle\caches\modules-2\files-2.1\org.springframework.boot\spring-boot-starter-aop\3.2.1-SNAPSHOT\211a9d41cb853fd00b630c9f17ad21691fd55c8\spring-boot-starter-aop-3.2.1-SNAPSHOT.jar;C:\Users\TITUS\.gradle\caches\modules-2\files-2.1\org.springframework.boot\spring-boot-starter-jdbc\3.2.1-SNAPSHOT\9d033433aa9b2a5f4572246eb7449d523a5ab8d7\spring-boot-starter-jdbc-3.2.1-SNAPSHOT.jar;C:\Users\TITUS\.gradle\caches\modules-2\files-2.1\org.hibernate.orm\hibernate-core\6.4.0.Final\b68caabe46007efd2f67aae76bce1fdc86fba26a\hibernate-core-6.4.0.Final.jar;C:\Users\TITUS\.gradle\caches\modules-2\files-2.1\org.springframework.data\spring-data-jpa\3.2.0\59e49a0eca3d02c3dc593e7a881c19b932641894\spring-data-jpa-3.2.0.jar;C:\Users\TITUS\.gradle\caches\modules-2\files-2.1\org.springframework\spring-aspects\6.1.2-SNAPSHOT\2598c2df6dac836494959a61572272ae382e27c3\spring-aspects-6.1.2-SNAPSHOT.jar;C:\Users\TITUS\.gradle\caches\modules-2\files-2.1\org.springframework.boot\spring-boot-autoconfigure\3.2.1-SNAPSHOT\74a53e033f1f62e1cf18ac34dd2ceedcc59c4466\spring-boot-autoconfigure-3.2.1-SNAPSHOT.jar;C:\Users\TITUS\.gradle\caches\modules-2\files-2.1\org.springframework.boot\spring-boot\3.2.1-SNAPSHOT\e5cbe9e0d6b97b18dd249374a01f4f5c6e622c02\spring-boot-3.2.1-SNAPSHOT.jar;C:\Users\TITUS\.gradle\caches\modules-2\files-2.1\org.springframework.boot\spring-boot-starter-logging\3.2.1-SNAPSHOT\c6d438225fd1d2a07e97b5ee728a6f0919a3fef8\spring-boot-starter-logging-3.2.1-SNAPSHOT.jar;C:\Users\TITUS\.gradle\caches\modules-2\files-2.1\jakarta.annotation\jakarta.annotation-api\2.1.1\48b9bda22b091b1f48b13af03fe36db3be6e1ae3\jakarta.annotation-api-2.1.1.jar;C:\Users\TITUS\.gradle\caches\modules-2\files-2.1\org.springframework\spring-core\6.1.2-SNAPSHOT\6079e1b2792a9f4631a639951e96a76be45922be\spring-core-6.1.2-SNAPSHOT.jar;C:\Users\TITUS\.gradle\caches\modules-2\files-2.1\org.yaml\snakeyaml\2.2\3af797a25458550a16bf89acc8e4ab2b7f2bfce0\snakeyaml-2.2.jar;C:\Users\TITUS\.gradle\caches\modules-2\files-2.1\org.thymeleaf\thymeleaf\3.1.2.RELEASE\273997509a4c7aef86cee0521750140c587d9be2\thymeleaf-3.1.2.RELEASE.jar;C:\Users\TITUS\.gradle\caches\modules-2\files-2.1\org.slf4j\slf4j-api\2.0.9\7cf2726fdcfbc8610f9a71fb3ed639871f315340\slf4j-api-2.0.9.jar;C:\Users\TITUS\.gradle\caches\modules-2\files-2.1\jakarta.validation\jakarta.validation-api\3.0.2\92b6631659ba35ca09e44874d3eb936edfeee532\jakarta.validation-api-3.0.2.jar;C:\Users\TITUS\.gradle\caches\modules-2\files-2.1\org.jboss.logging\jboss-logging\3.5.3.Final\c88fc1d8a96d4c3491f55d4317458ccad53ca663\jboss-logging-3.5.3.Final.jar;C:\Users\TITUS\.gradle\caches\modules-2\files-2.1\com.fasterxml\classmate\1.6.0\91affab6f84a2182fce5dd72a8d01bc14346dddd\classmate-1.6.0.jar;C:\Users\TITUS\.gradle\caches\modules-2\files-2.1\com.fasterxml.jackson.datatype\jackson-datatype-jsr310\2.15.3\4a20a0e104931bfa72f24ef358c2eb63f1ef2aaf\jackson-datatype-jsr310-2.15.3.jar;C:\Users\TITUS\.gradle\caches\modules-2\files-2.1\com.fasterxml.jackson.module\jackson-module-parameter-names\2.15.3\8d251b90c5358677e7d8161e0c2488e6f84f49da\jackson-module-parameter-names-2.15.3.jar;C:\Users\TITUS\.gradle\caches\modules-2\files-2.1\com.fasterxml.jackson.datatype\jackson-datatype-jdk8\2.15.3\80158cb020c7bd4e4ba94d8d752a65729dc943b2\jackson-datatype-jdk8-2.15.3.jar;C:\Users\TITUS\.gradle\caches\modules-2\files-2.1\com.fasterxml.jackson.core\jackson-databind\2.15.3\a734bc2c47a9453c4efa772461a3aeb273c010d9\jackson-databind-2.15.3.jar;C:\Users\TITUS\.gradle\caches\modules-2\files-2.1\org.apache.tomcat.embed\tomcat-embed-websocket\10.1.16\5c372739ee9409b47c474d8d47d276a7cd9bc2b\tomcat-embed-websocket-10.1.16.jar;C:\Users\TITUS\.gradle\caches\modules-2\files-2.1\org.apache.tomcat.embed\tomcat-embed-core\10.1.16\176162fb3998856a90436826034ffe5d25beaeb9\tomcat-embed-core-10.1.16.jar;C:\Users\TITUS\.gradle\caches\modules-2\files-2.1\org.springframework\spring-context\6.1.2-SNAPSHOT\7bb35c4a50adc3fbe7eddf8130971b3995fe5456\spring-context-6.1.2-SNAPSHOT.jar;C:\Users\TITUS\.gradle\caches\modules-2\files-2.1\org.springframework\spring-aop\6.1.2-SNAPSHOT\353bf58724721edf2a21304f2a872879a9228f0d\spring-aop-6.1.2-SNAPSHOT.jar;C:\Users\TITUS\.gradle\caches\modules-2\files-2.1\org.springframework\spring-beans\6.1.2-SNAPSHOT\8811bb480de7f019012c6c2ce5152658a503ed83\spring-beans-6.1.2-SNAPSHOT.jar;C:\Users\TITUS\.gradle\caches\modules-2\files-2.1\org.springframework\spring-expression\6.1.2-SNAPSHOT\b5c0e74992c95e5e08afe51fe8e5cc9e948035b4\spring-expression-6.1.2-SNAPSHOT.jar;C:\Users\TITUS\.gradle\caches\modules-2\files-2.1\io.micrometer\micrometer-observation\1.12.0\4f4981faa7968441d0092107df9b750e057374af\micrometer-observation-1.12.0.jar;C:\Users\TITUS\.gradle\caches\modules-2\files-2.1\org.aspectj\aspectjweaver\1.9.20.1\33b0e41476658229933eec7134678cf336e66dd4\aspectjweaver-1.9.20.1.jar;C:\Users\TITUS\.gradle\caches\modules-2\files-2.1\org.springframework\spring-jdbc\6.1.2-SNAPSHOT\cb770b37624848ef9f2410c7c4e7dd2aae9b4493\spring-jdbc-6.1.2-SNAPSHOT.jar;C:\Users\TITUS\.gradle\caches\modules-2\files-2.1\com.zaxxer\HikariCP\5.0.1\a74c7f0a37046846e88d54f7cb6ea6d565c65f9c\HikariCP-5.0.1.jar;C:\Users\TITUS\.gradle\caches\modules-2\files-2.1\jakarta.persistence\jakarta.persistence-api\3.1.0\66901fa1c373c6aff65c13791cc11da72060a8d6\jakarta.persistence-api-3.1.0.jar;C:\Users\TITUS\.gradle\caches\modules-2\files-2.1\jakarta.transaction\jakarta.transaction-api\2.0.1\51a520e3fae406abb84e2e1148e6746ce3f80a1a\jakarta.transaction-api-2.0.1.jar;C:\Users\TITUS\.gradle\caches\modules-2\files-2.1\org.springframework\spring-orm\6.1.2-SNAPSHOT\59932cf349445181689217a1c0df4c00337f6042\spring-orm-6.1.2-SNAPSHOT.jar;C:\Users\TITUS\.gradle\caches\modules-2\files-2.1\org.springframework.data\spring-data-commons\3.2.0\1c98c48b9fde0624337e19f3577fce20d19b78ea\spring-data-commons-3.2.0.jar;C:\Users\TITUS\.gradle\caches\modules-2\files-2.1\org.springframework\spring-tx\6.1.2-SNAPSHOT\be73edaa7b21537fd0884eee7a314d2d501e878\spring-tx-6.1.2-SNAPSHOT.jar;C:\Users\TITUS\.gradle\caches\modules-2\files-2.1\org.antlr\antlr4-runtime\4.10.1\10839f875928f59c622d675091d51a43ea0dc5f7\antlr4-runtime-4.10.1.jar;C:\Users\TITUS\.gradle\caches\modules-2\files-2.1\ch.qos.logback\logback-classic\1.4.11\54450c0c783e896a1a6d88c043bd2f1daba1c382\logback-classic-1.4.11.jar;C:\Users\TITUS\.gradle\caches\modules-2\files-2.1\org.apache.logging.log4j\log4j-to-slf4j\2.21.1\d77b2ba81711ed596cd797cc2b5b5bd7409d841c\log4j-to-slf4j-2.21.1.jar;C:\Users\TITUS\.gradle\caches\modules-2\files-2.1\org.slf4j\jul-to-slf4j\2.0.9\9ef7c70b248185845f013f49a33ff9ca65b7975\jul-to-slf4j-2.0.9.jar;C:\Users\TITUS\.gradle\caches\modules-2\files-2.1\org.springframework\spring-jcl\6.1.2-SNAPSHOT\9345e21829463856e77fff4ea9e09d64714ff2c3\spring-jcl-6.1.2-SNAPSHOT.jar;C:\Users\TITUS\.gradle\caches\modules-2\files-2.1\org.attoparser\attoparser\2.0.7.RELEASE\e5d0e988d9124139d645bb5872b24dfa23e283cc\attoparser-2.0.7.RELEASE.jar;C:\Users\TITUS\.gradle\caches\modules-2\files-2.1\org.unbescape\unbescape\1.1.6.RELEASE\7b90360afb2b860e09e8347112800d12c12b2a13\unbescape-1.1.6.RELEASE.jar;C:\Users\TITUS\.gradle\caches\modules-2\files-2.1\com.fasterxml.jackson.core\jackson-annotations\2.15.3\79baf4e605eb3bbb60b1c475d44a7aecceea1d60\jackson-annotations-2.15.3.jar;C:\Users\TITUS\.gradle\caches\modules-2\files-2.1\com.fasterxml.jackson.core\jackson-core\2.15.3\60d600567c1862840397bf9ff5a92398edc5797b\jackson-core-2.15.3.jar;C:\Users\TITUS\.gradle\caches\modules-2\files-2.1\io.micrometer\micrometer-commons\1.12.0\2436654d439bd4ff6aad6419519357be8ba4f0d\micrometer-commons-1.12.0.jar;C:\Users\TITUS\.gradle\caches\modules-2\files-2.1\ch.qos.logback\logback-core\1.4.11\2f9f280219a9922a74200eaf7138c4c17fb87c0f\logback-core-1.4.11.jar;C:\Users\TITUS\.gradle\caches\modules-2\files-2.1\org.apache.logging.log4j\log4j-api\2.21.1\74c65e87b9ce1694a01524e192d7be989ba70486\log4j-api-2.21.1.jar;C:\Users\TITUS\.gradle\caches\modules-2\files-2.1\org.springframework.boot\spring-boot-devtools\3.2.1-SNAPSHOT\9e6ff7a3d8c4e8202f71b8456ed08970a014d9df\spring-boot-devtools-3.2.1-SNAPSHOT.jar;C:\Users\TITUS\.gradle\caches\modules-2\files-2.1\org.hibernate.common\hibernate-commons-annotations\6.0.6.Final\77a5f94b56d49508e0ee334751db5b78e5ccd50c\hibernate-commons-annotations-6.0.6.Final.jar;C:\Users\TITUS\.gradle\caches\modules-2\files-2.1\io.smallrye\jandex\3.1.2\a6c1c89925c7df06242b03dddb353116ceb9584c\jandex-3.1.2.jar;C:\Users\TITUS\.gradle\caches\modules-2\files-2.1\net.bytebuddy\byte-buddy\1.14.10\8117daf4a612122eb4f517f66adff778cb8b4737\byte-buddy-1.14.10.jar;C:\Users\TITUS\.gradle\caches\modules-2\files-2.1\org.glassfish.jaxb\jaxb-runtime\4.0.4\7180c50ef8bd127bb1dd645458b906cffcf6c2b5\jaxb-runtime-4.0.4.jar;C:\Users\TITUS\.gradle\caches\modules-2\files-2.1\jakarta.xml.bind\jakarta.xml.bind-api\4.0.1\ca2330866cbc624c7e5ce982e121db1125d23e15\jakarta.xml.bind-api-4.0.1.jar;C:\Users\TITUS\.gradle\caches\modules-2\files-2.1\jakarta.inject\jakarta.inject-api\2.0.1\4c28afe1991a941d7702fe1362c365f0a8641d1e\jakarta.inject-api-2.0.1.jar;C:\Users\TITUS\.gradle\caches\modules-2\files-2.1\org.antlr\antlr4-runtime\4.13.0\5a02e48521624faaf5ff4d99afc88b01686af655\antlr4-runtime-4.13.0.jar;C:\Users\TITUS\.gradle\caches\modules-2\files-2.1\org.glassfish.jaxb\jaxb-core\4.0.4\2d5aadd02af86f1e9d8c6f7e8501673f915d4e25\jaxb-core-4.0.4.jar;C:\Users\TITUS\.gradle\caches\modules-2\files-2.1\jakarta.activation\jakarta.activation-api\2.1.2\640c0d5aff45dbff1e1a1bc09673ff3a02b1ba12\jakarta.activation-api-2.1.2.jar;C:\Users\TITUS\.gradle\caches\modules-2\files-2.1\org.eclipse.angus\angus-activation\2.0.1\eaafaf4eb71b400e4136fc3a286f50e34a68ecb7\angus-activation-2.0.1.jar;C:\Users\TITUS\.gradle\caches\modules-2\files-2.1\org.glassfish.jaxb\txw2\4.0.4\cfd2bcf08782673ac370694fdf2cf76dbaa607ef\txw2-4.0.4.jar;C:\Users\TITUS\.gradle\caches\modules-2\files-2.1\com.sun.istack\istack-commons-runtime\4.1.2\18ec117c85f3ba0ac65409136afa8e42bc74e739\istack-commons-runtime-4.1.2.jar
Launcher Type: SUN_STANDARD

[Global flags]
     intx CICompilerCount                          = 2                                         {product} {ergonomic}
     uint ConcGCThreads                            = 1                                         {product} {ergonomic}
     uint G1ConcRefinementThreads                  = 2                                         {product} {ergonomic}
   size_t G1HeapRegionSize                         = 1048576                                   {product} {ergonomic}
    uintx GCDrainStackTargetSize                   = 64                                        {product} {ergonomic}
   size_t InitialHeapSize                          = 134217728                                 {product} {ergonomic}
     bool ManagementServer                         = true                                      {product} {command line}
   size_t MarkStackSize                            = 4194304                                   {product} {ergonomic}
   size_t MaxHeapSize                              = 2116026368                                {product} {ergonomic}
   size_t MinHeapDeltaBytes                        = 1048576                                   {product} {ergonomic}
   size_t MinHeapSize                              = 8388608                                   {product} {ergonomic}
    uintx NonProfiledCodeHeapSize                  = 0                                      {pd product} {ergonomic}
     bool ProfileInterpreter                       = false                                  {pd product} {command line}
    uintx ProfiledCodeHeapSize                     = 0                                      {pd product} {ergonomic}
   size_t SoftMaxHeapSize                          = 2116026368                             {manageable} {ergonomic}
     intx TieredStopAtLevel                        = 1                                         {product} {command line}
     bool UseCompressedClassPointers               = true                           {product lp64_product} {ergonomic}
     bool UseCompressedOops                        = true                           {product lp64_product} {ergonomic}
     bool UseG1GC                                  = true                                      {product} {ergonomic}
     bool UseLargePagesIndividualAllocation        = false                                  {pd product} {ergonomic}

Logging:
Log output configuration:
 #0: stdout all=warning uptime,level,tags foldmultilines=false
 #1: stderr all=off uptime,level,tags foldmultilines=false

Environment Variables:
JAVA_HOME=C:\java\openjdk\openjdk-20-ea+11_windows-x64_bin\jdk-20
PATH=C:\Program Files\Common Files\Oracle\Java\javapath;C:\java\openjdk\openjdk-20-ea+11_windows-x64_bin\jdk-20\bin;C:\Program Files (x86)\Common Files\Oracle\Java\javapath;C:\WINDOWS\system32;C:\WINDOWS;C:\WINDOWS\System32\Wbem;C:\WINDOWS\System32\WindowsPowerShell\v1.0\;C:\WINDOWS\System32\OpenSSH\;C:\ProgramData\chocolatey\bin;C:\Program Files\php-7.4.21-Win32-vc15-x64;C:\ProgramData\ComposerSetup\bin;C:\Apache24\bin;C:\Program Files\Git\cmd;C:\Program Files\Microsoft SQL Server\Client SDK\ODBC\170\Tools\Binn\;C:\Program Files (x86)\Microsoft SQL Server\150\Tools\Binn\;C:\Program Files\Microsoft SQL Server\150\Tools\Binn\;C:\Program Files\Microsoft SQL Server\150\DTS\Binn\;C:\Program Files\Azure Data Studio\bin;C:\Program Files (x86)\Filestar;C:\Users\TITUS\AppData\Roaming\Filestar\aliases;C:\apache-maven-3.8.6-bin\apache-maven-3.8.6\bin;C:\Program Files (x86)\dotnet\;C:\java\openjdk\openjdk-20-ea+11_windows-x64_bin\jdk-20\BIN;C:\Program Files\nodejs\;C:\Program Files\Docker\Docker\resources\bin;C:\Users\TITUS\AppData\Local\Programs\Python\Python39\Scripts\;C:\Users\TITUS\AppData\Local\Programs\Python\Python39\;C:\Program Files\MySQL\MySQL Shell 8.0\bin\;C:\Users\TITUS\AppData\Local\Microsoft\WindowsApps;C:\Users\TITUS\AppData\Roaming\Composer\vendor\bin;;C:\Program Files\Azure Data Studio\bin;C:\Program Files\swipl\bin;C:\Users\TITUS\AppData\Local\JetBrains\Toolbox\scripts;C:\Users\TITUS\AppData\Local\Programs\Microsoft VS Code\bin;C:\Users\TITUS\AppData\Roaming\npm
USERNAME=TITUS
OS=Windows_NT
PROCESSOR_IDENTIFIER=Intel64 Family 6 Model 61 Stepping 4, GenuineIntel



---------------  S Y S T E M  ---------------

OS:
 Windows 10 , 64 bit Build 21996 (10.0.21996.1)
OS uptime: 0 days 15:12 hours
Hyper-V role detected

CPU: total 2 (initial active 2) (2 cores per cpu, 2 threads per core) family 6 model 61 stepping 4 microcode 0x2f, cx8, cmov, fxsr, ht, mmx, 3dnowpref, sse, sse2, sse3, ssse3, sse4.1, sse4.2, popcnt, lzcnt, tsc, tscinvbit, avx, avx2, aes, erms, clmul, bmi1, bmi2, rtm, adx, fma, vzeroupper, clflush, hv

Memory: 4k page, system-wide physical 8067M (537M free)
TotalPageFile size 14211M (AvailPageFile size 38M)
current process WorkingSet (physical memory assigned to process): 10M, peak: 10M
current process commit charge ("private bytes"): 43M, peak: 171M

vm_info: OpenJDK 64-Bit Server VM (18.0.1+10-FR) for windows-amd64 JRE (18.0.1+10-FR), built on Apr 15 2022 22:09:19 by "Administrator" with MS VC++ 15.9 (VS2017)

END.
